\BOOKMARK [1][-]{section.1}{\376\377\000I\000n\000t\000r\000o\000d\000u\000c\000t\000i\000o\000n}{}% 1
\BOOKMARK [1][-]{section.2}{\376\377\000R\000e\000c\000o\000n\000s\000t\000r\000u\000c\000t\000i\000o\000n\000\040\000o\000f\000\040\000t\000h\000e\000\040\000H\000M\000X\000B\000\040\0004\000U\000\040\0001\0007\0000\0000\000-\0003\0007\000\040\000p\000r\000e\000-\000s\000u\000p\000e\000r\000n\000o\000v\000a}{}% 2
\BOOKMARK [2][-]{subsection.2.1}{\376\377\000M\000e\000t\000h\000o\000d\000s}{section.2}% 3
\BOOKMARK [2][-]{subsection.2.2}{\376\377\000R\000e\000s\000u\000l\000t\000s}{section.2}% 4
\BOOKMARK [1][-]{section.3}{\376\377\000E\000v\000o\000l\000u\000t\000i\000o\000n\000a\000r\000y\000\040\000H\000i\000s\000t\000o\000r\000y\000\040\000o\000f\000\040\000t\000h\000e\000\040\000H\000M\000X\000B\000\040\0004\000U\000\040\0001\0007\0000\0000\000-\0003\0007}{}% 5
\BOOKMARK [2][-]{subsection.3.1}{\376\377\000M\000e\000t\000h\000o\000d\000s}{section.3}% 6
\BOOKMARK [2][-]{subsection.3.2}{\376\377\000R\000e\000s\000u\000l\000t\000s}{section.3}% 7
\BOOKMARK [1][-]{section.4}{\376\377\000C\000a\000n\000\040\000t\000h\000e\000\040\000H\000M\000X\000B\000\040\0004\000U\000\040\0001\0007\0000\0000\000-\0003\0007\000\040\000f\000o\000r\000m\000\040\000a\000\040\000G\000W\000\040\000s\000o\000u\000r\000c\000e\000\040\000i\000n\000\040\000t\000h\000e\000\040\000f\000u\000t\000u\000r\000e\000?}{}% 8
\BOOKMARK [1][-]{section.5}{\376\377\000F\000o\000r\000m\000a\000t\000i\000o\000n\000\040\000o\000f\000\040\000G\000W\0001\0009\0000\0008\0001\0004}{}% 9
\BOOKMARK [2][-]{subsection.5.1}{\376\377\000E\000v\000o\000l\000u\000t\000i\000o\000n\000\040\000b\000e\000f\000o\000r\000e\000\040\000f\000i\000r\000s\000t\040\023\000S\000N}{section.5}% 10
\BOOKMARK [2][-]{subsection.5.2}{\376\377\000E\000v\000o\000l\000u\000t\000i\000o\000n\000\040\000a\000f\000t\000e\000r\000\040\000f\000i\000r\000s\000t\040\023\000S\000N}{section.5}% 11
\BOOKMARK [3][-]{subsubsection.5.2.1}{\376\377\000F\000a\000t\000e\000\040\000o\000f\000\040\000C\000E\000\040\000p\000h\000a\000s\000e}{subsection.5.2}% 12
\BOOKMARK [3][-]{subsubsection.5.2.2}{\376\377\000F\000o\000r\000m\000i\000n\000g\000\040\000a\000\040\000h\000i\000g\000h\000l\000y\000\040\000a\000s\000y\000m\000m\000e\000t\000r\000i\000c\000\040\000m\000a\000s\000s\000-\000r\000a\000t\000i\000o\000\040\000d\000o\000u\000b\000l\000e\000\040\000c\000o\000m\000p\000a\000c\000t\000\040\000s\000y\000s\000t\000e\000m}{subsection.5.2}% 13
\BOOKMARK [1][-]{section.6}{\376\377\000R\000a\000t\000e\000s\000\040\000o\000f\000\040\000G\000W\0001\0009\0000\0008\0001\0004\040\023\000l\000i\000k\000e\000\040\000e\000v\000e\000n\000t\000s}{}% 14
\BOOKMARK [1][-]{section.7}{\376\377\000D\000i\000s\000c\000u\000s\000s\000i\000o\000n}{}% 15
\BOOKMARK [2][-]{subsection.7.1}{\376\377\000E\000x\000p\000l\000o\000d\000a\000b\000i\000l\000i\000t\000y\000\040\000o\000f\000\040\000f\000i\000r\000s\000t\040\023\000b\000o\000r\000n\000\040\000c\000o\000m\000p\000a\000c\000t\000\040\000o\000b\000j\000e\000c\000t}{section.7}% 16
\BOOKMARK [2][-]{subsection.7.2}{\376\377\000S\000p\000i\000n\000\040\000o\000f\000\040\000t\000h\000e\000\040\000m\000a\000s\000s\000i\000v\000e\000\040\000B\000H}{section.7}% 17
\BOOKMARK [2][-]{subsection.7.3}{\376\377\000C\000o\000m\000p\000a\000r\000i\000s\000o\000n\000\040\000t\000o\000\040\000p\000r\000e\000v\000i\000o\000u\000s\000\040\000w\000o\000r\000k}{section.7}% 18
\BOOKMARK [2][-]{subsection.7.4}{\376\377\000O\000b\000s\000e\000r\000v\000a\000b\000l\000e\000\040\000p\000r\000o\000p\000e\000r\000t\000i\000e\000s\000\040\000o\000f\000\040\000t\000h\000e\000\040\000H\000M\000X\000B\000\040\0004\000U\000\040\0001\0007\0000\0000\000-\0003\0007\000?}{section.7}% 19
\BOOKMARK [2][-]{subsection.7.5}{\376\377\000W\000h\000y\000\040\000d\000o\000\040\000w\000e\000\040\000n\000e\000e\000d\000\040\000a\000\040\000n\000a\000t\000a\000l\000\040\000k\000i\000c\000k\000?}{section.7}% 20
\BOOKMARK [2][-]{subsection.7.6}{\376\377\000W\000h\000y\000\040\000n\000o\000t\000\040\000a\000\040\000c\000o\000m\000m\000o\000n\000\040\000e\000n\000v\000e\000l\000o\000p\000e\000?}{section.7}% 21
\BOOKMARK [2][-]{subsection.7.7}{\376\377\000W\000h\000y\000\040\000n\000o\000t\000\040\000C\000a\000s\000e\000\040\000B\000\040\000m\000a\000s\000s\000\040\000t\000r\000a\000n\000s\000f\000e\000r\000?}{section.7}% 22
\BOOKMARK [1][-]{section.8}{\376\377\000C\000o\000n\000c\000l\000u\000s\000i\000o\000n}{}% 23
\BOOKMARK [1][-]{section.9}{\376\377\000S\000o\000f\000t\000w\000a\000r\000e}{}% 24
